{"contracts\\BasicNft.sol":{"l":{"10":3,"14":1,"15":1,"16":1,"21":1,"25":3},"path":"C:\\Users\\ESO\\Desktop\\Dev\\web3\\hardhat-nft\\contracts\\BasicNft.sol","s":{"1":3,"2":1,"3":1,"4":1,"5":1,"6":3},"b":{},"f":{"1":3,"2":1,"3":1,"4":3},"fnMap":{"1":{"name":"constructor","line":9,"loc":{"start":{"line":9,"column":4},"end":{"line":11,"column":4}}},"2":{"name":"mintNft","line":13,"loc":{"start":{"line":13,"column":4},"end":{"line":17,"column":4}}},"3":{"name":"tokenURI","line":19,"loc":{"start":{"line":19,"column":4},"end":{"line":22,"column":4}}},"4":{"name":"getTokenCounter","line":24,"loc":{"start":{"line":24,"column":4},"end":{"line":26,"column":4}}}},"statementMap":{"1":{"start":{"line":10,"column":8},"end":{"line":10,"column":25}},"2":{"start":{"line":14,"column":8},"end":{"line":14,"column":44}},"3":{"start":{"line":15,"column":8},"end":{"line":15,"column":42}},"4":{"start":{"line":16,"column":8},"end":{"line":16,"column":29}},"5":{"start":{"line":21,"column":8},"end":{"line":21,"column":24}},"6":{"start":{"line":25,"column":8},"end":{"line":25,"column":29}}},"branchMap":{}},"contracts\\RandomIpfsNft.sol":{"l":{"46":0,"47":0,"48":0,"49":0,"53":0,"60":0,"67":0,"68":0,"70":0,"71":0,"72":0,"76":0,"77":0,"78":0,"79":0,"80":0,"82":0,"84":0,"88":0},"path":"C:\\Users\\ESO\\Desktop\\Dev\\web3\\hardhat-nft\\contracts\\RandomIpfsNft.sol","s":{"1":0,"2":0,"3":0,"4":0,"5":0,"6":0,"7":0,"8":0,"9":0,"10":0,"11":0,"12":0,"13":0,"14":0,"15":0,"16":0,"17":0,"18":0},"b":{"1":[0,0]},"f":{"1":0,"2":0,"3":0,"4":0,"5":0,"6":0},"fnMap":{"1":{"name":"constructor","line":45,"loc":{"start":{"line":40,"column":4},"end":{"line":50,"column":4}}},"2":{"name":"requestNft","line":52,"loc":{"start":{"line":52,"column":4},"end":{"line":61,"column":4}}},"3":{"name":"fulfillRandomWords","line":63,"loc":{"start":{"line":63,"column":4},"end":{"line":73,"column":4}}},"4":{"name":"getRarityFromModdedRng","line":75,"loc":{"start":{"line":75,"column":4},"end":{"line":85,"column":4}}},"5":{"name":"getChanceArray","line":87,"loc":{"start":{"line":87,"column":4},"end":{"line":89,"column":4}}},"6":{"name":"tokenURI","line":91,"loc":{"start":{"line":91,"column":4},"end":{"line":91,"column":75}}}},"statementMap":{"1":{"start":{"line":46,"column":8},"end":{"line":46,"column":69}},"2":{"start":{"line":47,"column":8},"end":{"line":47,"column":39}},"3":{"start":{"line":48,"column":8},"end":{"line":48,"column":26}},"4":{"start":{"line":49,"column":8},"end":{"line":49,"column":44}},"5":{"start":{"line":53,"column":8},"end":{"line":53,"column":1735}},"6":{"start":{"line":60,"column":8},"end":{"line":60,"column":50}},"7":{"start":{"line":67,"column":8},"end":{"line":67,"column":59}},"8":{"start":{"line":68,"column":8},"end":{"line":68,"column":43}},"9":{"start":{"line":70,"column":8},"end":{"line":70,"column":61}},"10":{"start":{"line":71,"column":8},"end":{"line":71,"column":62}},"11":{"start":{"line":72,"column":8},"end":{"line":72,"column":40}},"12":{"start":{"line":76,"column":8},"end":{"line":76,"column":33}},"13":{"start":{"line":77,"column":8},"end":{"line":77,"column":56}},"14":{"start":{"line":78,"column":8},"end":{"line":78,"column":2655}},"15":{"start":{"line":79,"column":12},"end":{"line":79,"column":2723}},"16":{"start":{"line":80,"column":16},"end":{"line":80,"column":32}},"17":{"start":{"line":82,"column":12},"end":{"line":82,"column":42}},"18":{"start":{"line":88,"column":8},"end":{"line":88,"column":41}}},"branchMap":{"1":{"line":79,"type":"if","locations":[{"start":{"line":79,"column":12},"end":{"line":79,"column":12}},{"start":{"line":79,"column":12},"end":{"line":79,"column":12}}]}}}}