{
"contracts\\BasicNft.sol":{"l":{"10":0,"14":0,"15":0,"16":0,"21":0,"25":0},"path":"C:\\Users\\ESO\\Desktop\\Dev\\web3\\hardhat-nft\\contracts\\BasicNft.sol","s":{"1":0,"2":0,"3":0,"4":0,"5":0,"6":0},"b":{},"f":{"1":0,"2":0,"3":0,"4":0},"fnMap":{"1":{"name":"constructor","line":9,"loc":{"start":{"line":9,"column":4},"end":{"line":11,"column":4}}},"2":{"name":"mintNft","line":13,"loc":{"start":{"line":13,"column":4},"end":{"line":17,"column":4}}},"3":{"name":"tokenURI","line":19,"loc":{"start":{"line":19,"column":4},"end":{"line":22,"column":4}}},"4":{"name":"getTokenCounter","line":24,"loc":{"start":{"line":24,"column":4},"end":{"line":26,"column":4}}}},"statementMap":{"1":{"start":{"line":10,"column":8},"end":{"line":10,"column":25}},"2":{"start":{"line":14,"column":8},"end":{"line":14,"column":44}},"3":{"start":{"line":15,"column":8},"end":{"line":15,"column":42}},"4":{"start":{"line":16,"column":8},"end":{"line":16,"column":29}},"5":{"start":{"line":21,"column":8},"end":{"line":21,"column":24}},"6":{"start":{"line":25,"column":8},"end":{"line":25,"column":29}}},"branchMap":{}}}
