TN:
SF:C:\Users\ESO\Desktop\Dev\web3\hardhat-nft\contracts\BasicNft.sol
FN:9,constructor
FN:13,mintNft
FN:19,tokenURI
FN:24,getTokenCounter
FNF:4
FNH:4
FNDA:3,constructor
FNDA:1,mintNft
FNDA:1,tokenURI
FNDA:3,getTokenCounter
DA:10,3
DA:14,1
DA:15,1
DA:16,1
DA:21,1
DA:25,3
LF:6
LH:6
BRF:0
BRH:0
end_of_record
TN:
SF:C:\Users\ESO\Desktop\Dev\web3\hardhat-nft\contracts\RandomIpfsNft.sol
FN:45,constructor
FN:52,requestNft
FN:63,fulfillRandomWords
FN:75,getRarityFromModdedRng
FN:87,getChanceArray
FN:91,tokenURI
FNF:6
FNH:0
FNDA:0,constructor
FNDA:0,requestNft
FNDA:0,fulfillRandomWords
FNDA:0,getRarityFromModdedRng
FNDA:0,getChanceArray
FNDA:0,tokenURI
DA:46,0
DA:47,0
DA:48,0
DA:49,0
DA:53,0
DA:60,0
DA:67,0
DA:68,0
DA:70,0
DA:71,0
DA:72,0
DA:76,0
DA:77,0
DA:78,0
DA:79,0
DA:80,0
DA:82,0
DA:84,0
DA:88,0
LF:19
LH:0
BRDA:79,1,0,0
BRDA:79,1,1,0
BRF:2
BRH:0
end_of_record
